<?xml version="1.0" encoding="UTF-8"?>
<robot generator="Robot 7.0 (Python 3.11.7 on win32)" generated="2024-05-24T14:45:22.564437" rpa="false" schemaversion="5">
<suite id="s1" name="Tests" source="C:\Users\mnowaisser\AppData\Local\Microsoft\WindowsApps\python\Project1\SpriteCloud\Tests">
<suite id="s1-s1" name="AJAXData" source="C:\Users\mnowaisser\AppData\Local\Microsoft\WindowsApps\python\Project1\SpriteCloud\Tests\AJAXData.robot">
<test id="s1-s1-t1" name="Wait For AJAX Data" line="8">
<kw name="Start TestCase" owner="CommonFunctionality" type="SETUP">
<kw name="Open Browser" owner="SeleniumLibrary">
<msg time="2024-05-24T14:45:23.544225" level="INFO">Opening browser 'chrome' to base url 'http://www.uitestingplayground.com/ajax'.</msg>
<arg>${URL}</arg>
<arg>${BROWSER}</arg>
<doc>Opens a new browser instance to the optional ``url``.</doc>
<status status="PASS" start="2024-05-24T14:45:23.543226" elapsed="8.392223"/>
</kw>
<kw name="Maximize Browser Window" owner="SeleniumLibrary">
<doc>Maximizes current browser window.</doc>
<status status="PASS" start="2024-05-24T14:45:31.935449" elapsed="0.205492"/>
</kw>
<status status="PASS" start="2024-05-24T14:45:23.541228" elapsed="8.600286"/>
</kw>
<kw name="Steps" owner="AJAXDATASteps">
<kw name="Click Button" owner="SeleniumLibrary">
<msg time="2024-05-24T14:45:32.144508" level="INFO">Clicking button 'id=ajaxButton'.</msg>
<arg>id=ajaxButton</arg>
<doc>Clicks the button identified by ``locator``.</doc>
<status status="PASS" start="2024-05-24T14:45:32.143496" elapsed="0.289084"/>
</kw>
<kw name="Wait Until Element Is Visible" owner="SeleniumLibrary">
<arg>xpath=//div[@id='content']</arg>
<arg>20s</arg>
<doc>Waits until the element ``locator`` is visible.</doc>
<status status="PASS" start="2024-05-24T14:45:32.433577" elapsed="0.067209"/>
</kw>
<kw name="Wait Until Element Has Non Zero Size" owner="AJAXDATASteps">
<kw name="Wait Until Keyword Succeeds" owner="BuiltIn">
<kw name="Element Should Have Non Zero Size" owner="AJAXDATASteps">
<kw name="Get Element Attribute" owner="SeleniumLibrary">
<msg time="2024-05-24T14:45:32.540586" level="INFO">${width} = 1110</msg>
<var>${width}</var>
<arg>${locator}</arg>
<arg>clientWidth</arg>
<doc>Returns the value of ``attribute`` from the element ``locator``.</doc>
<status status="PASS" start="2024-05-24T14:45:32.502786" elapsed="0.038789"/>
</kw>
<kw name="Get Element Attribute" owner="SeleniumLibrary">
<msg time="2024-05-24T14:45:32.618158" level="INFO">${height} = 0</msg>
<var>${height}</var>
<arg>${locator}</arg>
<arg>clientHeight</arg>
<doc>Returns the value of ``attribute`` from the element ``locator``.</doc>
<status status="PASS" start="2024-05-24T14:45:32.541575" elapsed="0.076583"/>
</kw>
<kw name="Run Keyword Unless" owner="BuiltIn">
<msg time="2024-05-24T14:45:32.619188" level="WARN">Keyword 'BuiltIn.Run Keyword Unless' is deprecated. </msg>
<kw name="Fail" owner="BuiltIn">
<msg time="2024-05-24T14:45:32.621177" level="FAIL">Element has zero size</msg>
<arg>Element has zero size</arg>
<doc>Fails the test with the given message and optionally alters its tags.</doc>
<status status="FAIL" start="2024-05-24T14:45:32.620176" elapsed="0.001001">Element has zero size</status>
</kw>
<arg>${width} &gt; 0 and ${height} &gt; 0</arg>
<arg>Fail</arg>
<arg>Element has zero size</arg>
<doc>*DEPRECATED since RF 5.0. Use Native IF/ELSE or `Run Keyword If` instead.*</doc>
<status status="FAIL" start="2024-05-24T14:45:32.619188" elapsed="0.002988">Element has zero size</status>
</kw>
<arg>${locator}</arg>
<status status="FAIL" start="2024-05-24T14:45:32.502786" elapsed="0.120397">Element has zero size</status>
</kw>
<kw name="Element Should Have Non Zero Size" owner="AJAXDATASteps">
<kw name="Get Element Attribute" owner="SeleniumLibrary">
<msg time="2024-05-24T14:45:37.659823" level="INFO">${width} = 1110</msg>
<var>${width}</var>
<arg>${locator}</arg>
<arg>clientWidth</arg>
<doc>Returns the value of ``attribute`` from the element ``locator``.</doc>
<status status="PASS" start="2024-05-24T14:45:37.628653" elapsed="0.031170"/>
</kw>
<kw name="Get Element Attribute" owner="SeleniumLibrary">
<msg time="2024-05-24T14:45:37.696489" level="INFO">${height} = 0</msg>
<var>${height}</var>
<arg>${locator}</arg>
<arg>clientHeight</arg>
<doc>Returns the value of ``attribute`` from the element ``locator``.</doc>
<status status="PASS" start="2024-05-24T14:45:37.659823" elapsed="0.036666"/>
</kw>
<kw name="Run Keyword Unless" owner="BuiltIn">
<msg time="2024-05-24T14:45:37.696489" level="WARN">Keyword 'BuiltIn.Run Keyword Unless' is deprecated. </msg>
<kw name="Fail" owner="BuiltIn">
<msg time="2024-05-24T14:45:37.696489" level="FAIL">Element has zero size</msg>
<arg>Element has zero size</arg>
<doc>Fails the test with the given message and optionally alters its tags.</doc>
<status status="FAIL" start="2024-05-24T14:45:37.696489" elapsed="0.000000">Element has zero size</status>
</kw>
<arg>${width} &gt; 0 and ${height} &gt; 0</arg>
<arg>Fail</arg>
<arg>Element has zero size</arg>
<doc>*DEPRECATED since RF 5.0. Use Native IF/ELSE or `Run Keyword If` instead.*</doc>
<status status="FAIL" start="2024-05-24T14:45:37.696489" elapsed="0.000000">Element has zero size</status>
</kw>
<arg>${locator}</arg>
<status status="FAIL" start="2024-05-24T14:45:37.626614" elapsed="0.069875">Element has zero size</status>
</kw>
<kw name="Element Should Have Non Zero Size" owner="AJAXDATASteps">
<kw name="Get Element Attribute" owner="SeleniumLibrary">
<msg time="2024-05-24T14:45:42.757266" level="INFO">${width} = 1110</msg>
<var>${width}</var>
<arg>${locator}</arg>
<arg>clientWidth</arg>
<doc>Returns the value of ``attribute`` from the element ``locator``.</doc>
<status status="PASS" start="2024-05-24T14:45:42.699552" elapsed="0.057714"/>
</kw>
<kw name="Get Element Attribute" owner="SeleniumLibrary">
<msg time="2024-05-24T14:45:42.807565" level="INFO">${height} = 0</msg>
<var>${height}</var>
<arg>${locator}</arg>
<arg>clientHeight</arg>
<doc>Returns the value of ``attribute`` from the element ``locator``.</doc>
<status status="PASS" start="2024-05-24T14:45:42.757266" elapsed="0.050299"/>
</kw>
<kw name="Run Keyword Unless" owner="BuiltIn">
<msg time="2024-05-24T14:45:42.807565" level="WARN">Keyword 'BuiltIn.Run Keyword Unless' is deprecated. </msg>
<kw name="Fail" owner="BuiltIn">
<msg time="2024-05-24T14:45:42.810263" level="FAIL">Element has zero size</msg>
<arg>Element has zero size</arg>
<doc>Fails the test with the given message and optionally alters its tags.</doc>
<status status="FAIL" start="2024-05-24T14:45:42.810263" elapsed="0.000000">Element has zero size</status>
</kw>
<arg>${width} &gt; 0 and ${height} &gt; 0</arg>
<arg>Fail</arg>
<arg>Element has zero size</arg>
<doc>*DEPRECATED since RF 5.0. Use Native IF/ELSE or `Run Keyword If` instead.*</doc>
<status status="FAIL" start="2024-05-24T14:45:42.807565" elapsed="0.002698">Element has zero size</status>
</kw>
<arg>${locator}</arg>
<status status="FAIL" start="2024-05-24T14:45:42.696980" elapsed="0.113283">Element has zero size</status>
</kw>
<kw name="Element Should Have Non Zero Size" owner="AJAXDATASteps">
<kw name="Get Element Attribute" owner="SeleniumLibrary">
<msg time="2024-05-24T14:45:47.846705" level="INFO">${width} = 1110</msg>
<var>${width}</var>
<arg>${locator}</arg>
<arg>clientWidth</arg>
<doc>Returns the value of ``attribute`` from the element ``locator``.</doc>
<status status="PASS" start="2024-05-24T14:45:47.810825" elapsed="0.035880"/>
</kw>
<kw name="Get Element Attribute" owner="SeleniumLibrary">
<msg time="2024-05-24T14:45:47.897077" level="INFO">${height} = 24</msg>
<var>${height}</var>
<arg>${locator}</arg>
<arg>clientHeight</arg>
<doc>Returns the value of ``attribute`` from the element ``locator``.</doc>
<status status="PASS" start="2024-05-24T14:45:47.846705" elapsed="0.050372"/>
</kw>
<kw name="Run Keyword Unless" owner="BuiltIn">
<msg time="2024-05-24T14:45:47.897077" level="WARN">Keyword 'BuiltIn.Run Keyword Unless' is deprecated. </msg>
<arg>${width} &gt; 0 and ${height} &gt; 0</arg>
<arg>Fail</arg>
<arg>Element has zero size</arg>
<doc>*DEPRECATED since RF 5.0. Use Native IF/ELSE or `Run Keyword If` instead.*</doc>
<status status="PASS" start="2024-05-24T14:45:47.897077" elapsed="0.000000"/>
</kw>
<arg>${locator}</arg>
<status status="PASS" start="2024-05-24T14:45:47.810825" elapsed="0.086252"/>
</kw>
<arg>${timeout}</arg>
<arg>5 sec</arg>
<arg>Element Should Have Non Zero Size</arg>
<arg>${locator}</arg>
<doc>Runs the specified keyword and retries if it fails.</doc>
<status status="PASS" start="2024-05-24T14:45:32.501794" elapsed="15.395283"/>
</kw>
<arg>xpath=//div[@id='content']</arg>
<arg>1 min</arg>
<status status="PASS" start="2024-05-24T14:45:32.501794" elapsed="15.395283"/>
</kw>
<kw name="Click Element" owner="SeleniumLibrary">
<msg time="2024-05-24T14:45:47.897077" level="INFO">Clicking element 'id=content'.</msg>
<arg>id=content</arg>
<doc>Click the element identified by ``locator``.</doc>
<status status="PASS" start="2024-05-24T14:45:47.897077" elapsed="0.132264"/>
</kw>
<status status="PASS" start="2024-05-24T14:45:32.142474" elapsed="15.886867"/>
</kw>
<kw name="Finish TestCase" owner="CommonFunctionality" type="TEARDOWN">
<kw name="Close Browser" owner="SeleniumLibrary">
<doc>Closes the current browser.</doc>
<status status="PASS" start="2024-05-24T14:45:48.029341" elapsed="3.194086"/>
</kw>
<status status="PASS" start="2024-05-24T14:45:48.029341" elapsed="3.194086"/>
</kw>
<status status="PASS" start="2024-05-24T14:45:23.539230" elapsed="27.684197"/>
</test>
<status status="PASS" start="2024-05-24T14:45:22.678383" elapsed="28.548147"/>
</suite>
<suite id="s1-s2" name="ClassAttribute" source="C:\Users\mnowaisser\AppData\Local\Microsoft\WindowsApps\python\Project1\SpriteCloud\Tests\ClassAttribute.robot">
<test id="s1-s2-t1" name="Click Primary Button and Handle Alert" line="8">
<kw name="Start TestCase" owner="CommonFunctionality" type="SETUP">
<kw name="Open Browser" owner="SeleniumLibrary">
<msg time="2024-05-24T14:45:51.246896" level="INFO">Opening browser 'chrome' to base url 'http://www.uitestingplayground.com/classattr'.</msg>
<arg>${URL}</arg>
<arg>${BROWSER}</arg>
<doc>Opens a new browser instance to the optional ``url``.</doc>
<status status="PASS" start="2024-05-24T14:45:51.246896" elapsed="23.232136"/>
</kw>
<kw name="Maximize Browser Window" owner="SeleniumLibrary">
<doc>Maximizes current browser window.</doc>
<status status="PASS" start="2024-05-24T14:46:14.480032" elapsed="0.167778"/>
</kw>
<status status="PASS" start="2024-05-24T14:45:51.246896" elapsed="23.400914"/>
</kw>
<kw name="Steps" owner="ClassAttributeSteps">
<kw name="Click Element" owner="SeleniumLibrary">
<msg time="2024-05-24T14:46:14.652564" level="INFO">Clicking element 'xpath=//button[contains(concat(' ', normalize-space(@class), ' '), ' btn-primary ')]'.</msg>
<arg>xpath=//button[contains(concat(' ', normalize-space(@class), ' '), ' btn-primary ')]</arg>
<doc>Click the element identified by ``locator``.</doc>
<status status="PASS" start="2024-05-24T14:46:14.651029" elapsed="0.224015"/>
</kw>
<kw name="Handle Alert" owner="SeleniumLibrary">
<msg time="2024-05-24T14:46:14.876082" level="INFO">HANDLE::&lt;class 'NoneType'&gt;::None</msg>
<arg>ACCEPT</arg>
<doc>Handles the current alert and returns its message.</doc>
<status status="PASS" start="2024-05-24T14:46:14.875044" elapsed="0.018410"/>
</kw>
<status status="PASS" start="2024-05-24T14:46:14.649919" elapsed="0.243535"/>
</kw>
<kw name="Finish TestCase" owner="CommonFunctionality" type="TEARDOWN">
<kw name="Close Browser" owner="SeleniumLibrary">
<doc>Closes the current browser.</doc>
<status status="PASS" start="2024-05-24T14:46:14.897567" elapsed="2.860380"/>
</kw>
<status status="PASS" start="2024-05-24T14:46:14.895517" elapsed="2.862430"/>
</kw>
<status status="PASS" start="2024-05-24T14:45:51.246896" elapsed="26.511051"/>
</test>
<status status="PASS" start="2024-05-24T14:45:51.226530" elapsed="26.532414"/>
</suite>
<suite id="s1-s3" name="ClientSideDelay" source="C:\Users\mnowaisser\AppData\Local\Microsoft\WindowsApps\python\Project1\SpriteCloud\Tests\ClientSideDelay.robot">
<test id="s1-s3-t1" name="Wait For Client Side Delay" line="8">
<kw name="Start TestCase" owner="CommonFunctionality" type="SETUP">
<kw name="Open Browser" owner="SeleniumLibrary">
<msg time="2024-05-24T14:46:17.793204" level="INFO">Opening browser 'chrome' to base url 'http://www.uitestingplayground.com/clientdelay'.</msg>
<arg>${URL}</arg>
<arg>${BROWSER}</arg>
<doc>Opens a new browser instance to the optional ``url``.</doc>
<status status="PASS" start="2024-05-24T14:46:17.793204" elapsed="5.611649"/>
</kw>
<kw name="Maximize Browser Window" owner="SeleniumLibrary">
<doc>Maximizes current browser window.</doc>
<status status="PASS" start="2024-05-24T14:46:23.404853" elapsed="0.190730"/>
</kw>
<status status="PASS" start="2024-05-24T14:46:17.792204" elapsed="5.803903"/>
</kw>
<kw name="Steps" owner="ClientSideDelaySteps">
<kw name="Click Button" owner="SeleniumLibrary">
<msg time="2024-05-24T14:46:23.599358" level="INFO">Clicking button 'id=ajaxButton'.</msg>
<arg>id=ajaxButton</arg>
<doc>Clicks the button identified by ``locator``.</doc>
<status status="PASS" start="2024-05-24T14:46:23.598832" elapsed="0.313037"/>
</kw>
<kw name="Wait Until Element Contains" owner="SeleniumLibrary">
<arg>id=content</arg>
<arg>Data calculated on the client side.</arg>
<arg>20s</arg>
<doc>Waits until the element ``locator`` contains ``text``.</doc>
<status status="PASS" start="2024-05-24T14:46:23.912868" elapsed="15.173873"/>
</kw>
<kw name="Click Element" owner="SeleniumLibrary">
<msg time="2024-05-24T14:46:39.086741" level="INFO">Clicking element 'id=content'.</msg>
<arg>id=content</arg>
<doc>Click the element identified by ``locator``.</doc>
<status status="PASS" start="2024-05-24T14:46:39.086741" elapsed="0.124834"/>
</kw>
<status status="PASS" start="2024-05-24T14:46:23.597271" elapsed="15.614304"/>
</kw>
<kw name="Finish TestCase" owner="CommonFunctionality" type="TEARDOWN">
<kw name="Close Browser" owner="SeleniumLibrary">
<doc>Closes the current browser.</doc>
<status status="PASS" start="2024-05-24T14:46:39.216593" elapsed="3.242268"/>
</kw>
<status status="PASS" start="2024-05-24T14:46:39.211575" elapsed="3.248392"/>
</kw>
<status status="PASS" start="2024-05-24T14:46:17.791219" elapsed="24.668748"/>
</test>
<status status="PASS" start="2024-05-24T14:46:17.760958" elapsed="24.699725"/>
</suite>
<suite id="s1-s4" name="DynamicID" source="C:\Users\mnowaisser\AppData\Local\Microsoft\WindowsApps\python\Project1\SpriteCloud\Tests\DynamicID.robot">
<test id="s1-s4-t1" name="Record Button Click Without Using Dynamic ID" line="9">
<kw name="Start TestCase" owner="CommonFunctionality" type="SETUP">
<kw name="Open Browser" owner="SeleniumLibrary">
<msg time="2024-05-24T14:46:42.476810" level="INFO">Opening browser 'chrome' to base url 'http://www.uitestingplayground.com/dynamicid'.</msg>
<arg>${URL}</arg>
<arg>${BROWSER}</arg>
<doc>Opens a new browser instance to the optional ``url``.</doc>
<status status="PASS" start="2024-05-24T14:46:42.476810" elapsed="5.491904"/>
</kw>
<kw name="Maximize Browser Window" owner="SeleniumLibrary">
<doc>Maximizes current browser window.</doc>
<status status="PASS" start="2024-05-24T14:46:47.968714" elapsed="0.141592"/>
</kw>
<status status="PASS" start="2024-05-24T14:46:42.476810" elapsed="5.633496"/>
</kw>
<kw name=" Steps" owner="DynamicIDSteps">
<kw name="Click Element" owner="SeleniumLibrary">
<msg time="2024-05-24T14:46:48.115502" level="INFO">Clicking element '//button[contains(@class, 'btn-primary')]'.</msg>
<arg>//button[contains(@class, 'btn-primary')]</arg>
<doc>Click the element identified by ``locator``.</doc>
<status status="PASS" start="2024-05-24T14:46:48.114394" elapsed="0.236607"/>
</kw>
<kw name="Sleep" owner="BuiltIn">
<msg time="2024-05-24T14:46:50.353608" level="INFO">Slept 2 seconds.</msg>
<arg>2s</arg>
<doc>Pauses the test executed for the given time.</doc>
<status status="PASS" start="2024-05-24T14:46:48.352001" elapsed="2.001607"/>
</kw>
<status status="PASS" start="2024-05-24T14:46:48.111922" elapsed="2.242199"/>
</kw>
<kw name="Finish TestCase" owner="CommonFunctionality" type="TEARDOWN">
<kw name="Close Browser" owner="SeleniumLibrary">
<doc>Closes the current browser.</doc>
<status status="PASS" start="2024-05-24T14:46:50.355131" elapsed="2.542748"/>
</kw>
<status status="PASS" start="2024-05-24T14:46:50.354121" elapsed="2.545013"/>
</kw>
<status status="PASS" start="2024-05-24T14:46:42.475705" elapsed="10.423429"/>
</test>
<status status="PASS" start="2024-05-24T14:46:42.460683" elapsed="10.439505"/>
</suite>
<suite id="s1-s5" name="LoadDelays" source="C:\Users\mnowaisser\AppData\Local\Microsoft\WindowsApps\python\Project1\SpriteCloud\Tests\LoadDelays.robot">
<test id="s1-s5-t1" name="Load Delays Test" line="8">
<kw name="Open Browser" owner="SeleniumLibrary" type="SETUP">
<msg time="2024-05-24T14:46:52.926415" level="INFO">Opening browser 'chrome' to base url 'http://www.uitestingplayground.com'.</msg>
<arg>${BASE_URL}</arg>
<arg>browser=chrome</arg>
<doc>Opens a new browser instance to the optional ``url``.</doc>
<status status="PASS" start="2024-05-24T14:46:52.926415" elapsed="4.831869"/>
</kw>
<kw name="Steps" owner="LoadDelaysSteps">
<kw name="Go To Home Page" owner="LoadDelaysSteps">
<kw name="Go To" owner="SeleniumLibrary">
<msg time="2024-05-24T14:46:57.761298" level="INFO">Opening url 'http://www.uitestingplayground.com'</msg>
<arg>${BASE_URL}</arg>
<doc>Navigates the current browser window to the provided ``url``.</doc>
<status status="PASS" start="2024-05-24T14:46:57.761298" elapsed="0.332246"/>
</kw>
<doc>Navigates to the Home page.</doc>
<status status="PASS" start="2024-05-24T14:46:57.760300" elapsed="0.334251"/>
</kw>
<kw name="Click Load Delays Link" owner="LoadDelaysSteps">
<kw name="Click Link" owner="SeleniumLibrary">
<msg time="2024-05-24T14:46:58.096567" level="INFO">Clicking link 'Load Delay'.</msg>
<arg>Load Delay</arg>
<doc>Clicks a link identified by ``locator``.</doc>
<status status="PASS" start="2024-05-24T14:46:58.095549" elapsed="5.638992"/>
</kw>
<doc>Clicks on the Load Delays link.</doc>
<status status="PASS" start="2024-05-24T14:46:58.094551" elapsed="5.640977"/>
</kw>
<kw name="Wait For Page To Load And Click Button" owner="LoadDelaysSteps">
<kw name="Wait Until Element Is Visible" owner="SeleniumLibrary">
<arg>css:button.btn.btn-primary</arg>
<arg>timeout=20 seconds</arg>
<doc>Waits until the element ``locator`` is visible.</doc>
<status status="PASS" start="2024-05-24T14:47:03.737060" elapsed="0.072825"/>
</kw>
<kw name="Click Button" owner="SeleniumLibrary">
<msg time="2024-05-24T14:47:03.812246" level="INFO">Clicking button 'css:button.btn.btn-primary'.</msg>
<arg>css:button.btn.btn-primary</arg>
<doc>Clicks the button identified by ``locator``.</doc>
<status status="PASS" start="2024-05-24T14:47:03.811221" elapsed="0.211968"/>
</kw>
<doc>Waits for the page to load and clicks the button.</doc>
<status status="PASS" start="2024-05-24T14:47:03.735528" elapsed="0.288673"/>
</kw>
<status status="PASS" start="2024-05-24T14:46:57.759299" elapsed="6.264902"/>
</kw>
<kw name="Finish TestCase" owner="CommonFunctionality" type="TEARDOWN">
<kw name="Close Browser" owner="SeleniumLibrary">
<doc>Closes the current browser.</doc>
<status status="PASS" start="2024-05-24T14:47:04.027741" elapsed="2.841967"/>
</kw>
<status status="PASS" start="2024-05-24T14:47:04.026716" elapsed="2.842992"/>
</kw>
<status status="PASS" start="2024-05-24T14:46:52.925428" elapsed="13.944280"/>
</test>
<status status="PASS" start="2024-05-24T14:46:52.901145" elapsed="13.969575"/>
</suite>
<suite id="s1-s6" name="Scrollbars" source="C:\Users\mnowaisser\AppData\Local\Microsoft\WindowsApps\python\Project1\SpriteCloud\Tests\Scrollbars.robot">
<test id="s1-s6-t1" name="Scroll To Hidden Element And Click" line="9">
<kw name="Start TestCase" owner="CommonFunctionality" type="SETUP">
<kw name="Open Browser" owner="SeleniumLibrary">
<msg time="2024-05-24T14:47:06.902202" level="INFO">Opening browser 'chrome' to base url 'http://www.uitestingplayground.com/scrollbars'.</msg>
<arg>${URL}</arg>
<arg>${BROWSER}</arg>
<doc>Opens a new browser instance to the optional ``url``.</doc>
<status status="PASS" start="2024-05-24T14:47:06.901088" elapsed="4.975772"/>
</kw>
<kw name="Maximize Browser Window" owner="SeleniumLibrary">
<doc>Maximizes current browser window.</doc>
<status status="PASS" start="2024-05-24T14:47:11.877874" elapsed="0.150726"/>
</kw>
<status status="PASS" start="2024-05-24T14:47:06.899824" elapsed="5.128776"/>
</kw>
<kw name="Steps" owner="ScrollbarsSteps">
<kw name="Scroll Element Into View" owner="SeleniumLibrary">
<arg>css=#hidingButton</arg>
<doc>Scrolls the element identified by ``locator`` into view.</doc>
<status status="PASS" start="2024-05-24T14:47:12.030627" elapsed="0.495791"/>
</kw>
<kw name="Sleep" owner="BuiltIn">
<msg time="2024-05-24T14:47:17.527852" level="INFO">Slept 5 seconds.</msg>
<arg>5s</arg>
<doc>Pauses the test executed for the given time.</doc>
<status status="PASS" start="2024-05-24T14:47:12.527378" elapsed="5.001137"/>
</kw>
<kw name="Click Element" owner="SeleniumLibrary">
<msg time="2024-05-24T14:47:17.530119" level="INFO">Clicking element 'css=#hidingButton'.</msg>
<arg>css=#hidingButton</arg>
<doc>Click the element identified by ``locator``.</doc>
<status status="PASS" start="2024-05-24T14:47:17.528515" elapsed="0.124749"/>
</kw>
<kw name="Element Should Be Visible" owner="SeleniumLibrary">
<msg time="2024-05-24T14:47:17.716818" level="INFO">Element 'css=#hidingButton' is displayed.</msg>
<arg>css=#hidingButton</arg>
<doc>Verifies that the element identified by ``locator`` is visible.</doc>
<status status="PASS" start="2024-05-24T14:47:17.655313" elapsed="0.061505"/>
</kw>
<status status="PASS" start="2024-05-24T14:47:12.029617" elapsed="5.687201"/>
</kw>
<kw name="Finish TestCase" owner="CommonFunctionality" type="TEARDOWN">
<kw name="Close Browser" owner="SeleniumLibrary">
<doc>Closes the current browser.</doc>
<status status="PASS" start="2024-05-24T14:47:17.716818" elapsed="2.820411"/>
</kw>
<status status="PASS" start="2024-05-24T14:47:17.716818" elapsed="2.821318"/>
</kw>
<status status="PASS" start="2024-05-24T14:47:06.898684" elapsed="13.639452"/>
</test>
<status status="PASS" start="2024-05-24T14:47:06.872073" elapsed="13.666063"/>
</suite>
<suite id="s1-s7" name="TextInput" source="C:\Users\mnowaisser\AppData\Local\Microsoft\WindowsApps\python\Project1\SpriteCloud\Tests\TextInput.robot">
<test id="s1-s7-t1" name="Emulate Physical Keyboard Input" line="8">
<kw name="Start TestCase" owner="CommonFunctionality" type="SETUP">
<kw name="Open Browser" owner="SeleniumLibrary">
<msg time="2024-05-24T14:47:20.568203" level="INFO">Opening browser 'chrome' to base url 'http://www.uitestingplayground.com/textinput'.</msg>
<arg>${URL}</arg>
<arg>${BROWSER}</arg>
<doc>Opens a new browser instance to the optional ``url``.</doc>
<status status="PASS" start="2024-05-24T14:47:20.568203" elapsed="5.320501"/>
</kw>
<kw name="Maximize Browser Window" owner="SeleniumLibrary">
<doc>Maximizes current browser window.</doc>
<status status="PASS" start="2024-05-24T14:47:25.889984" elapsed="1.218204"/>
</kw>
<status status="PASS" start="2024-05-24T14:47:20.568203" elapsed="6.540998"/>
</kw>
<kw name="Steps" owner="TextInputSteps">
<kw name="Input Text" owner="SeleniumLibrary">
<msg time="2024-05-24T14:47:27.110815" level="INFO">Typing text 'Maram Nowaisser' into text field 'id=newButtonName'.</msg>
<arg>id=newButtonName</arg>
<arg>${INPUT_TEXT}</arg>
<doc>Types the given ``text`` into the text field identified by ``locator``.</doc>
<status status="PASS" start="2024-05-24T14:47:27.110750" elapsed="0.359018"/>
</kw>
<kw name="Click Button" owner="SeleniumLibrary">
<msg time="2024-05-24T14:47:27.471771" level="INFO">Clicking button 'id=updatingButton'.</msg>
<arg>id=updatingButton</arg>
<doc>Clicks the button identified by ``locator``.</doc>
<status status="PASS" start="2024-05-24T14:47:27.470775" elapsed="0.163048"/>
</kw>
<kw name="Wait Until Button Text Is" owner="TextInputSteps">
<kw name="Wait Until Keyword Succeeds" owner="BuiltIn">
<kw name="Button Text Should Be" owner="TextInputSteps">
<kw name="Get Text" owner="SeleniumLibrary">
<msg time="2024-05-24T14:47:27.686814" level="INFO">${actual_text} = Maram Nowaisser</msg>
<var>${actual_text}</var>
<arg>id=updatingButton</arg>
<doc>Returns the text value of the element identified by ``locator``.</doc>
<status status="PASS" start="2024-05-24T14:47:27.636821" elapsed="0.049993"/>
</kw>
<kw name="Should Be Equal" owner="BuiltIn">
<arg>${actual_text}</arg>
<arg>${expected_text}</arg>
<doc>Fails if the given objects are unequal.</doc>
<status status="PASS" start="2024-05-24T14:47:27.687324" elapsed="0.001019"/>
</kw>
<arg>${expected_text}</arg>
<status status="PASS" start="2024-05-24T14:47:27.635826" elapsed="0.052517"/>
</kw>
<arg>10s</arg>
<arg>1s</arg>
<arg>Button Text Should Be</arg>
<arg>${expected_text}</arg>
<doc>Runs the specified keyword and retries if it fails.</doc>
<status status="PASS" start="2024-05-24T14:47:27.635826" elapsed="0.052517"/>
</kw>
<arg>${INPUT_TEXT}</arg>
<status status="PASS" start="2024-05-24T14:47:27.634822" elapsed="0.053521"/>
</kw>
<status status="PASS" start="2024-05-24T14:47:27.109201" elapsed="0.579142"/>
</kw>
<kw name="Finish TestCase" owner="CommonFunctionality" type="TEARDOWN">
<kw name="Close Browser" owner="SeleniumLibrary">
<doc>Closes the current browser.</doc>
<status status="PASS" start="2024-05-24T14:47:27.689344" elapsed="2.712744"/>
</kw>
<status status="PASS" start="2024-05-24T14:47:27.689344" elapsed="2.712744"/>
</kw>
<status status="PASS" start="2024-05-24T14:47:20.568203" elapsed="9.833885"/>
</test>
<status status="PASS" start="2024-05-24T14:47:20.538136" elapsed="9.863952"/>
</suite>
<suite id="s1-s8" name="VerifyText" source="C:\Users\mnowaisser\AppData\Local\Microsoft\WindowsApps\python\Project1\SpriteCloud\Tests\VerifyText .robot">
<test id="s1-s8-t1" name="Verify Welcome Text" line="9">
<kw name="Start TestCase" owner="CommonFunctionality" type="SETUP">
<kw name="Open Browser" owner="SeleniumLibrary">
<msg time="2024-05-24T14:47:30.415008" level="INFO">Opening browser 'chrome' to base url 'http://www.uitestingplayground.com/verifytext'.</msg>
<arg>${URL}</arg>
<arg>${BROWSER}</arg>
<doc>Opens a new browser instance to the optional ``url``.</doc>
<status status="PASS" start="2024-05-24T14:47:30.415008" elapsed="6.348998"/>
</kw>
<kw name="Maximize Browser Window" owner="SeleniumLibrary">
<doc>Maximizes current browser window.</doc>
<status status="PASS" start="2024-05-24T14:47:36.765006" elapsed="0.145633"/>
</kw>
<status status="PASS" start="2024-05-24T14:47:30.415008" elapsed="6.495631"/>
</kw>
<kw name="Steps" owner="VerifyTextSteps">
<kw name="Wait Until Page Contains Element" owner="SeleniumLibrary">
<arg>xpath=//span[normalize-space(text())='${WELCOME_TEXT}']</arg>
<arg>10s</arg>
<doc>Waits until the element ``locator`` appears on the current page.</doc>
<status status="PASS" start="2024-05-24T14:47:36.911645" elapsed="0.069226"/>
</kw>
<kw name="Element Should Contain" owner="SeleniumLibrary">
<msg time="2024-05-24T14:47:37.094081" level="INFO">Element 'xpath=//span[normalize-space(text())='Welcome...']' contains text 'Welcome...'.</msg>
<arg>xpath=//span[normalize-space(text())='${WELCOME_TEXT}']</arg>
<arg>${WELCOME_TEXT}</arg>
<doc>Verifies that element ``locator`` contains text ``expected``.</doc>
<status status="PASS" start="2024-05-24T14:47:36.981986" elapsed="0.112095"/>
</kw>
<status status="PASS" start="2024-05-24T14:47:36.910639" elapsed="0.184408"/>
</kw>
<kw name="Finish TestCase" owner="CommonFunctionality" type="TEARDOWN">
<kw name="Close Browser" owner="SeleniumLibrary">
<doc>Closes the current browser.</doc>
<status status="PASS" start="2024-05-24T14:47:37.098295" elapsed="2.745551"/>
</kw>
<status status="PASS" start="2024-05-24T14:47:37.096680" elapsed="2.748091"/>
</kw>
<status status="PASS" start="2024-05-24T14:47:30.414008" elapsed="9.430763"/>
</test>
<status status="PASS" start="2024-05-24T14:47:30.403096" elapsed="9.441675"/>
</suite>
<suite id="s1-s9" name="Visibility" source="C:\Users\mnowaisser\AppData\Local\Microsoft\WindowsApps\python\Project1\SpriteCloud\Tests\Visibility.robot">
<test id="s1-s9-t1" name="Check Button Visibility" line="9">
<kw name="Start TestCase" owner="CommonFunctionality" type="SETUP">
<kw name="Open Browser" owner="SeleniumLibrary">
<msg time="2024-05-24T14:47:39.862685" level="INFO">Opening browser 'chrome' to base url 'http://www.uitestingplayground.com/visibility'.</msg>
<arg>${URL}</arg>
<arg>${BROWSER}</arg>
<doc>Opens a new browser instance to the optional ``url``.</doc>
<status status="PASS" start="2024-05-24T14:47:39.861686" elapsed="4.402666"/>
</kw>
<kw name="Maximize Browser Window" owner="SeleniumLibrary">
<doc>Maximizes current browser window.</doc>
<status status="PASS" start="2024-05-24T14:47:44.264352" elapsed="0.664998"/>
</kw>
<status status="PASS" start="2024-05-24T14:47:39.860695" elapsed="5.068655"/>
</kw>
<kw name="Steps" owner="VisibilitySteps">
<kw name="Click Button" owner="SeleniumLibrary">
<msg time="2024-05-24T14:47:44.931350" level="INFO">Clicking button 'id=hideButton'.</msg>
<arg>id=hideButton</arg>
<doc>Clicks the button identified by ``locator``.</doc>
<status status="PASS" start="2024-05-24T14:47:44.931350" elapsed="0.198341"/>
</kw>
<kw name="Sleep" owner="BuiltIn">
<msg time="2024-05-24T14:47:46.129940" level="INFO">Slept 1 second.</msg>
<arg>1s</arg>
<doc>Pauses the test executed for the given time.</doc>
<status status="PASS" start="2024-05-24T14:47:45.129691" elapsed="1.000249"/>
</kw>
<kw name="Run Keyword And Return Status" owner="BuiltIn">
<kw name="Element Should Be Visible" owner="SeleniumLibrary">
<msg time="2024-05-24T14:47:46.417711" level="INFO" html="true">&lt;/td&gt;&lt;/tr&gt;&lt;tr&gt;&lt;td colspan="3"&gt;&lt;a href="selenium-screenshot-1.png"&gt;&lt;img src="selenium-screenshot-1.png" width="800px"&gt;&lt;/a&gt;</msg>
<msg time="2024-05-24T14:47:46.418698" level="FAIL">Element with locator 'id=removedButton' not found.</msg>
<arg>id=removedButton</arg>
<doc>Verifies that the element identified by ``locator`` is visible.</doc>
<status status="FAIL" start="2024-05-24T14:47:46.130568" elapsed="0.309793">Element with locator 'id=removedButton' not found.</status>
</kw>
<msg time="2024-05-24T14:47:46.440361" level="INFO">${is_removed_visible} = False</msg>
<var>${is_removed_visible}</var>
<arg>Element Should Be Visible</arg>
<arg>id=removedButton</arg>
<doc>Runs the given keyword with given arguments and returns the status as a Boolean value.</doc>
<status status="PASS" start="2024-05-24T14:47:46.130568" elapsed="0.309793"/>
</kw>
<kw name="Run Keyword And Return Status" owner="BuiltIn">
<kw name="Element Should Be Visible" owner="SeleniumLibrary">
<msg time="2024-05-24T14:47:46.784230" level="INFO" html="true">&lt;/td&gt;&lt;/tr&gt;&lt;tr&gt;&lt;td colspan="3"&gt;&lt;a href="selenium-screenshot-2.png"&gt;&lt;img src="selenium-screenshot-2.png" width="800px"&gt;&lt;/a&gt;</msg>
<msg time="2024-05-24T14:47:46.785227" level="FAIL">The element 'id=zeroWidthButton' should be visible, but it is not.</msg>
<arg>id=zeroWidthButton</arg>
<doc>Verifies that the element identified by ``locator`` is visible.</doc>
<status status="FAIL" start="2024-05-24T14:47:46.441370" elapsed="0.343857">The element 'id=zeroWidthButton' should be visible, but it is not.</status>
</kw>
<msg time="2024-05-24T14:47:46.786741" level="INFO">${is_zero_width_visible} = False</msg>
<var>${is_zero_width_visible}</var>
<arg>Element Should Be Visible</arg>
<arg>id=zeroWidthButton</arg>
<doc>Runs the given keyword with given arguments and returns the status as a Boolean value.</doc>
<status status="PASS" start="2024-05-24T14:47:46.440361" elapsed="0.346380"/>
</kw>
<kw name="Run Keyword And Return Status" owner="BuiltIn">
<kw name="Element Should Be Visible" owner="SeleniumLibrary">
<msg time="2024-05-24T14:47:46.834373" level="INFO">Element 'id=overlappedButton' is displayed.</msg>
<arg>id=overlappedButton</arg>
<doc>Verifies that the element identified by ``locator`` is visible.</doc>
<status status="PASS" start="2024-05-24T14:47:46.787756" elapsed="0.046617"/>
</kw>
<msg time="2024-05-24T14:47:46.834373" level="INFO">${is_overlapped_visible} = True</msg>
<var>${is_overlapped_visible}</var>
<arg>Element Should Be Visible</arg>
<arg>id=overlappedButton</arg>
<doc>Runs the given keyword with given arguments and returns the status as a Boolean value.</doc>
<status status="PASS" start="2024-05-24T14:47:46.786741" elapsed="0.047632"/>
</kw>
<kw name="Run Keyword And Return Status" owner="BuiltIn">
<kw name="Element Should Be Visible" owner="SeleniumLibrary">
<msg time="2024-05-24T14:47:47.118336" level="INFO" html="true">&lt;/td&gt;&lt;/tr&gt;&lt;tr&gt;&lt;td colspan="3"&gt;&lt;a href="selenium-screenshot-3.png"&gt;&lt;img src="selenium-screenshot-3.png" width="800px"&gt;&lt;/a&gt;</msg>
<msg time="2024-05-24T14:47:47.118336" level="FAIL">The element 'id=transparentButton' should be visible, but it is not.</msg>
<arg>id=transparentButton</arg>
<doc>Verifies that the element identified by ``locator`` is visible.</doc>
<status status="FAIL" start="2024-05-24T14:47:46.835370" elapsed="0.283964">The element 'id=transparentButton' should be visible, but it is not.</status>
</kw>
<msg time="2024-05-24T14:47:47.120333" level="INFO">${is_opacity_zero_visible} = False</msg>
<var>${is_opacity_zero_visible}</var>
<arg>Element Should Be Visible</arg>
<arg>id=transparentButton</arg>
<doc>Runs the given keyword with given arguments and returns the status as a Boolean value.</doc>
<status status="PASS" start="2024-05-24T14:47:46.835370" elapsed="0.284963"/>
</kw>
<kw name="Run Keyword And Return Status" owner="BuiltIn">
<kw name="Element Should Be Visible" owner="SeleniumLibrary">
<msg time="2024-05-24T14:47:47.396643" level="INFO" html="true">&lt;/td&gt;&lt;/tr&gt;&lt;tr&gt;&lt;td colspan="3"&gt;&lt;a href="selenium-screenshot-4.png"&gt;&lt;img src="selenium-screenshot-4.png" width="800px"&gt;&lt;/a&gt;</msg>
<msg time="2024-05-24T14:47:47.397508" level="FAIL">The element 'id=invisibleButton' should be visible, but it is not.</msg>
<arg>id=invisibleButton</arg>
<doc>Verifies that the element identified by ``locator`` is visible.</doc>
<status status="FAIL" start="2024-05-24T14:47:47.121346" elapsed="0.277165">The element 'id=invisibleButton' should be visible, but it is not.</status>
</kw>
<msg time="2024-05-24T14:47:47.398511" level="INFO">${is_visibility_hidden_visible} = False</msg>
<var>${is_visibility_hidden_visible}</var>
<arg>Element Should Be Visible</arg>
<arg>id=invisibleButton</arg>
<doc>Runs the given keyword with given arguments and returns the status as a Boolean value.</doc>
<status status="PASS" start="2024-05-24T14:47:47.120333" elapsed="0.278178"/>
</kw>
<kw name="Run Keyword And Return Status" owner="BuiltIn">
<kw name="Element Should Be Visible" owner="SeleniumLibrary">
<msg time="2024-05-24T14:47:47.625512" level="INFO" html="true">&lt;/td&gt;&lt;/tr&gt;&lt;tr&gt;&lt;td colspan="3"&gt;&lt;a href="selenium-screenshot-5.png"&gt;&lt;img src="selenium-screenshot-5.png" width="800px"&gt;&lt;/a&gt;</msg>
<msg time="2024-05-24T14:47:47.625512" level="FAIL">The element 'id=notdisplayedButton' should be visible, but it is not.</msg>
<arg>id=notdisplayedButton</arg>
<doc>Verifies that the element identified by ``locator`` is visible.</doc>
<status status="FAIL" start="2024-05-24T14:47:47.399508" elapsed="0.227506">The element 'id=notdisplayedButton' should be visible, but it is not.</status>
</kw>
<msg time="2024-05-24T14:47:47.627014" level="INFO">${is_display_none_visible} = False</msg>
<var>${is_display_none_visible}</var>
<arg>Element Should Be Visible</arg>
<arg>id=notdisplayedButton</arg>
<doc>Runs the given keyword with given arguments and returns the status as a Boolean value.</doc>
<status status="PASS" start="2024-05-24T14:47:47.398511" elapsed="0.228503"/>
</kw>
<kw name="Run Keyword And Return Status" owner="BuiltIn">
<kw name="Element Should Be Visible" owner="SeleniumLibrary">
<msg time="2024-05-24T14:47:47.931736" level="INFO" html="true">&lt;/td&gt;&lt;/tr&gt;&lt;tr&gt;&lt;td colspan="3"&gt;&lt;a href="selenium-screenshot-6.png"&gt;&lt;img src="selenium-screenshot-6.png" width="800px"&gt;&lt;/a&gt;</msg>
<msg time="2024-05-24T14:47:47.931736" level="FAIL">The element 'id=offscreenButton' should be visible, but it is not.</msg>
<arg>id=offscreenButton</arg>
<doc>Verifies that the element identified by ``locator`` is visible.</doc>
<status status="FAIL" start="2024-05-24T14:47:47.628028" elapsed="0.308917">The element 'id=offscreenButton' should be visible, but it is not.</status>
</kw>
<msg time="2024-05-24T14:47:47.936945" level="INFO">${is_offscreen_visible} = False</msg>
<var>${is_offscreen_visible}</var>
<arg>Element Should Be Visible</arg>
<arg>id=offscreenButton</arg>
<doc>Runs the given keyword with given arguments and returns the status as a Boolean value.</doc>
<status status="PASS" start="2024-05-24T14:47:47.627014" elapsed="0.309931"/>
</kw>
<kw name="Log To Console" owner="BuiltIn">
<arg>Removed Button Visible: ${is_removed_visible}</arg>
<doc>Logs the given message to the console.</doc>
<status status="PASS" start="2024-05-24T14:47:47.936945" elapsed="0.000000"/>
</kw>
<kw name="Log To Console" owner="BuiltIn">
<arg>Zero Width Button Visible: ${is_zero_width_visible}</arg>
<doc>Logs the given message to the console.</doc>
<status status="PASS" start="2024-05-24T14:47:47.936945" elapsed="0.004513"/>
</kw>
<kw name="Log To Console" owner="BuiltIn">
<arg>Overlapped Button Visible: ${is_overlapped_visible}</arg>
<doc>Logs the given message to the console.</doc>
<status status="PASS" start="2024-05-24T14:47:47.941458" elapsed="0.000000"/>
</kw>
<kw name="Log To Console" owner="BuiltIn">
<arg>Opacity Zero Button Visible: ${is_opacity_zero_visible}</arg>
<doc>Logs the given message to the console.</doc>
<status status="PASS" start="2024-05-24T14:47:47.941458" elapsed="0.000000"/>
</kw>
<kw name="Log To Console" owner="BuiltIn">
<arg>Visibility Hidden Button Visible: ${is_visibility_hidden_visible}</arg>
<doc>Logs the given message to the console.</doc>
<status status="PASS" start="2024-05-24T14:47:47.941458" elapsed="0.000000"/>
</kw>
<kw name="Log To Console" owner="BuiltIn">
<arg>Display None Button Visible: ${is_display_none_visible}</arg>
<doc>Logs the given message to the console.</doc>
<status status="PASS" start="2024-05-24T14:47:47.941458" elapsed="0.000000"/>
</kw>
<kw name="Log To Console" owner="BuiltIn">
<arg>Offscreen Button Visible: ${is_offscreen_visible}</arg>
<doc>Logs the given message to the console.</doc>
<status status="PASS" start="2024-05-24T14:47:47.941458" elapsed="0.000000"/>
</kw>
<status status="PASS" start="2024-05-24T14:47:44.930350" elapsed="3.011108"/>
</kw>
<kw name="Finish TestCase" owner="CommonFunctionality" type="TEARDOWN">
<kw name="Close Browser" owner="SeleniumLibrary">
<doc>Closes the current browser.</doc>
<status status="PASS" start="2024-05-24T14:47:47.941458" elapsed="2.870480"/>
</kw>
<status status="PASS" start="2024-05-24T14:47:47.941458" elapsed="2.870480"/>
</kw>
<status status="PASS" start="2024-05-24T14:47:39.859754" elapsed="10.952184"/>
</test>
<status status="PASS" start="2024-05-24T14:47:39.845748" elapsed="10.966190"/>
</suite>
<status status="PASS" start="2024-05-24T14:45:22.569974" elapsed="148.245639"/>
</suite>
<statistics>
<total>
<stat pass="9" fail="0" skip="0">All Tests</stat>
</total>
<tag>
</tag>
<suite>
<stat pass="9" fail="0" skip="0" id="s1" name="Tests">Tests</stat>
<stat pass="1" fail="0" skip="0" id="s1-s1" name="AJAXData">Tests.AJAXData</stat>
<stat pass="1" fail="0" skip="0" id="s1-s2" name="ClassAttribute">Tests.ClassAttribute</stat>
<stat pass="1" fail="0" skip="0" id="s1-s3" name="ClientSideDelay">Tests.ClientSideDelay</stat>
<stat pass="1" fail="0" skip="0" id="s1-s4" name="DynamicID">Tests.DynamicID</stat>
<stat pass="1" fail="0" skip="0" id="s1-s5" name="LoadDelays">Tests.LoadDelays</stat>
<stat pass="1" fail="0" skip="0" id="s1-s6" name="Scrollbars">Tests.Scrollbars</stat>
<stat pass="1" fail="0" skip="0" id="s1-s7" name="TextInput">Tests.TextInput</stat>
<stat pass="1" fail="0" skip="0" id="s1-s8" name="VerifyText">Tests.VerifyText</stat>
<stat pass="1" fail="0" skip="0" id="s1-s9" name="Visibility">Tests.Visibility</stat>
</suite>
</statistics>
<errors>
<msg time="2024-05-24T14:45:32.619188" level="WARN">Keyword 'BuiltIn.Run Keyword Unless' is deprecated. </msg>
<msg time="2024-05-24T14:45:37.696489" level="WARN">Keyword 'BuiltIn.Run Keyword Unless' is deprecated. </msg>
<msg time="2024-05-24T14:45:42.807565" level="WARN">Keyword 'BuiltIn.Run Keyword Unless' is deprecated. </msg>
<msg time="2024-05-24T14:45:47.897077" level="WARN">Keyword 'BuiltIn.Run Keyword Unless' is deprecated. </msg>
</errors>
</robot>
